2024-08-22T19:41:04.784-06:00  INFO 10995 --- [GestionClientes-BuenrostroAsociados] [restartedMain] onClientesBuenrostroAsociadosApplication : Starting GestionClientesBuenrostroAsociadosApplication using Java 17.0.12 with PID 10995 (/home/usr_pepe/workspace_proyectos/rp_proyect/backend/gestion-clientes/target/classes started by usr_pepe in /home/usr_pepe/workspace_proyectos/rp_proyect/backend/gestion-clientes)
2024-08-22T19:41:04.793-06:00 DEBUG 10995 --- [GestionClientes-BuenrostroAsociados] [restartedMain] onClientesBuenrostroAsociadosApplication : Running with Spring Boot v3.3.2, Spring v6.1.11
2024-08-22T19:41:04.795-06:00  INFO 10995 --- [GestionClientes-BuenrostroAsociados] [restartedMain] onClientesBuenrostroAsociadosApplication : No active profile set, falling back to 1 default profile: "default"
2024-08-22T19:41:05.009-06:00  INFO 10995 --- [GestionClientes-BuenrostroAsociados] [restartedMain] .e.DevToolsPropertyDefaultsPostProcessor : Devtools property defaults active! Set 'spring.devtools.add-properties' to 'false' to disable
2024-08-22T19:41:05.009-06:00  INFO 10995 --- [GestionClientes-BuenrostroAsociados] [restartedMain] .e.DevToolsPropertyDefaultsPostProcessor : For additional web related logging consider setting the 'logging.level.web' property to 'DEBUG'
2024-08-22T19:41:07.080-06:00  INFO 10995 --- [GestionClientes-BuenrostroAsociados] [restartedMain] .s.d.r.c.RepositoryConfigurationDelegate : Bootstrapping Spring Data JPA repositories in DEFAULT mode.
2024-08-22T19:41:07.249-06:00  INFO 10995 --- [GestionClientes-BuenrostroAsociados] [restartedMain] .s.d.r.c.RepositoryConfigurationDelegate : Finished Spring Data repository scanning in 157 ms. Found 9 JPA repository interfaces.
2024-08-22T19:41:08.758-06:00  INFO 10995 --- [GestionClientes-BuenrostroAsociados] [restartedMain] o.s.b.w.embedded.tomcat.TomcatWebServer  : Tomcat initialized with port 4200 (http)
2024-08-22T19:41:08.786-06:00  INFO 10995 --- [GestionClientes-BuenrostroAsociados] [restartedMain] o.apache.catalina.core.StandardService   : Starting service [Tomcat]
2024-08-22T19:41:08.788-06:00  INFO 10995 --- [GestionClientes-BuenrostroAsociados] [restartedMain] o.apache.catalina.core.StandardEngine    : Starting Servlet engine: [Apache Tomcat/10.1.26]
2024-08-22T19:41:08.885-06:00  INFO 10995 --- [GestionClientes-BuenrostroAsociados] [restartedMain] o.a.c.c.C.[Tomcat].[localhost].[/]       : Initializing Spring embedded WebApplicationContext
2024-08-22T19:41:08.887-06:00  INFO 10995 --- [GestionClientes-BuenrostroAsociados] [restartedMain] w.s.c.ServletWebServerApplicationContext : Root WebApplicationContext: initialization completed in 3876 ms
2024-08-22T19:41:09.173-06:00  INFO 10995 --- [GestionClientes-BuenrostroAsociados] [restartedMain] o.hibernate.jpa.internal.util.LogHelper  : HHH000204: Processing PersistenceUnitInfo [name: default]
2024-08-22T19:41:09.246-06:00  INFO 10995 --- [GestionClientes-BuenrostroAsociados] [restartedMain] org.hibernate.Version                    : HHH000412: Hibernate ORM core version 6.5.2.Final
2024-08-22T19:41:09.299-06:00  INFO 10995 --- [GestionClientes-BuenrostroAsociados] [restartedMain] o.h.c.internal.RegionFactoryInitiator    : HHH000026: Second-level cache disabled
2024-08-22T19:41:09.665-06:00  INFO 10995 --- [GestionClientes-BuenrostroAsociados] [restartedMain] o.s.o.j.p.SpringPersistenceUnitInfo      : No LoadTimeWeaver setup: ignoring JPA class transformer
2024-08-22T19:41:09.697-06:00  INFO 10995 --- [GestionClientes-BuenrostroAsociados] [restartedMain] com.zaxxer.hikari.HikariDataSource       : HikariPool-1 - Starting...
2024-08-22T19:41:10.246-06:00  INFO 10995 --- [GestionClientes-BuenrostroAsociados] [restartedMain] com.zaxxer.hikari.pool.HikariPool        : HikariPool-1 - Added connection org.postgresql.jdbc.PgConnection@29ade6be
2024-08-22T19:41:10.250-06:00  INFO 10995 --- [GestionClientes-BuenrostroAsociados] [restartedMain] com.zaxxer.hikari.HikariDataSource       : HikariPool-1 - Start completed.
2024-08-22T19:41:10.307-06:00  WARN 10995 --- [GestionClientes-BuenrostroAsociados] [restartedMain] org.hibernate.orm.deprecation            : HHH90000025: PostgreSQLDialect does not need to be specified explicitly using 'hibernate.dialect' (remove the property setting and it will be selected by default)
2024-08-22T19:41:12.722-06:00  INFO 10995 --- [GestionClientes-BuenrostroAsociados] [restartedMain] o.h.e.t.j.p.i.JtaPlatformInitiator       : HHH000489: No JTA platform available (set 'hibernate.transaction.jta.platform' to enable JTA platform integration)
2024-08-22T19:41:12.965-06:00  INFO 10995 --- [GestionClientes-BuenrostroAsociados] [restartedMain] j.LocalContainerEntityManagerFactoryBean : Initialized JPA EntityManagerFactory for persistence unit 'default'
2024-08-22T19:41:13.669-06:00  INFO 10995 --- [GestionClientes-BuenrostroAsociados] [restartedMain] c.b.g.config.security.JwtFilter          : JwtFilter initialized
2024-08-22T19:41:13.734-06:00 DEBUG 10995 --- [GestionClientes-BuenrostroAsociados] [restartedMain] c.b.g.config.security.JwtFilter          : Filter 'jwtFilter' configured for use
2024-08-22T19:41:13.762-06:00 DEBUG 10995 --- [GestionClientes-BuenrostroAsociados] [restartedMain] c.b.g.config.security.AppConfig          : Creating AuthenticationProvider bean
2024-08-22T19:41:13.785-06:00 DEBUG 10995 --- [GestionClientes-BuenrostroAsociados] [restartedMain] c.b.g.config.security.AppConfig          : Creating PasswordEncoder bean
2024-08-22T19:41:13.969-06:00  INFO 10995 --- [GestionClientes-BuenrostroAsociados] [restartedMain] o.s.d.j.r.query.QueryEnhancerFactory     : Hibernate is in classpath; If applicable, HQL parser will be used.
2024-08-22T19:41:14.006-06:00  INFO 10995 --- [GestionClientes-BuenrostroAsociados] [restartedMain] c.b.g.service.files.FileServiceImpl      : Carpeta de directorio de subidas ya está disponible.
2024-08-22T19:41:14.418-06:00  WARN 10995 --- [GestionClientes-BuenrostroAsociados] [restartedMain] JpaBaseConfiguration$JpaWebConfiguration : spring.jpa.open-in-view is enabled by default. Therefore, database queries may be performed during view rendering. Explicitly configure spring.jpa.open-in-view to disable this warning
2024-08-22T19:41:14.930-06:00  INFO 10995 --- [GestionClientes-BuenrostroAsociados] [restartedMain] eAuthenticationProviderManagerConfigurer : Global AuthenticationManager configured with AuthenticationProvider bean with name authenticationProvider
2024-08-22T19:41:14.932-06:00  WARN 10995 --- [GestionClientes-BuenrostroAsociados] [restartedMain] r$InitializeUserDetailsManagerConfigurer : Global AuthenticationManager configured with an AuthenticationProvider bean. UserDetailsService beans will not be used for username/password login. Consider removing the AuthenticationProvider bean. Alternatively, consider using the UserDetailsService in a manually instantiated DaoAuthenticationProvider.
2024-08-22T19:41:15.827-06:00  INFO 10995 --- [GestionClientes-BuenrostroAsociados] [restartedMain] o.s.b.d.a.OptionalLiveReloadServer       : LiveReload server is running on port 35729
2024-08-22T19:41:15.940-06:00  INFO 10995 --- [GestionClientes-BuenrostroAsociados] [restartedMain] o.s.b.w.embedded.tomcat.TomcatWebServer  : Tomcat started on port 4200 (http) with context path '/'
2024-08-22T19:41:15.980-06:00  INFO 10995 --- [GestionClientes-BuenrostroAsociados] [restartedMain] onClientesBuenrostroAsociadosApplication : Started GestionClientesBuenrostroAsociadosApplication in 12.159 seconds (process running for 13.299)
